  [1m[36m (3.6ms)[0m  [1mCREATE TABLE "schema_migrations" ("version" character varying(255) NOT NULL) [0m
  [1m[35m (2.2ms)[0m  CREATE UNIQUE INDEX  "unique_schema_migrations" ON "schema_migrations"  ("version")
  [1m[36mActiveRecord::SchemaMigration Load (0.4ms)[0m  [1mSELECT "schema_migrations".* FROM "schema_migrations"[0m
Migrating to CreateWidgets (20140707111715)
  [1m[35m (0.1ms)[0m  BEGIN
  [1m[36m (6.4ms)[0m  [1mCREATE TABLE "widgets" ("id" serial primary key, "name" character varying(255), "description" text, "stock" integer, "created_at" timestamp, "updated_at" timestamp) [0m
  [1m[35mSQL (0.4ms)[0m  INSERT INTO "schema_migrations" ("version") VALUES ($1)  [["version", "20140707111715"]]
  [1m[36m (0.7ms)[0m  [1mCOMMIT[0m
  [1m[35mActiveRecord::SchemaMigration Load (0.3ms)[0m  SELECT "schema_migrations".* FROM "schema_migrations"


Started GET "/" for 127.0.0.1 at 2014-11-19 17:22:28 -0600
  [1m[36mActiveRecord::SchemaMigration Load (0.6ms)[0m  [1mSELECT "schema_migrations".* FROM "schema_migrations"[0m
Processing by WelcomeController#index as HTML
  Rendered welcome/index.erb within layouts/application (1.9ms)
Completed 200 OK in 1278ms (Views: 1262.0ms | ActiveRecord: 0.0ms)




Started GET "/assets/welcome.css?body=1" for 127.0.0.1 at 2014-11-19 17:22:30 -0600
Started GET "/assets/scaffolds.css?body=1" for 127.0.0.1 at 2014-11-19 17:22:30 -0600


Started GET "/assets/widgets.css?body=1" for 127.0.0.1 at 2014-11-19 17:22:30 -0600


Started GET "/assets/application.css?body=1" for 127.0.0.1 at 2014-11-19 17:22:30 -0600


Started GET "/assets/jquery.js?body=1" for 127.0.0.1 at 2014-11-19 17:22:30 -0600


Started GET "/assets/jquery_ujs.js?body=1" for 127.0.0.1 at 2014-11-19 17:22:30 -0600
  [1m[36mActiveRecord::SchemaMigration Load (0.7ms)[0m  [1mSELECT "schema_migrations".* FROM "schema_migrations"[0m
  [1m[36mActiveRecord::SchemaMigration Load (0.6ms)[0m  [1mSELECT "schema_migrations".* FROM "schema_migrations"[0m


Started GET "/assets/turbolinks.js?body=1" for 127.0.0.1 at 2014-11-19 17:22:30 -0600


Started GET "/assets/welcome.js?body=1" for 127.0.0.1 at 2014-11-19 17:22:30 -0600


Started GET "/assets/widgets.js?body=1" for 127.0.0.1 at 2014-11-19 17:22:30 -0600


Started GET "/assets/application.js?body=1" for 127.0.0.1 at 2014-11-19 17:22:30 -0600
  [1m[36mActiveRecord::SchemaMigration Load (0.6ms)[0m  [1mSELECT "schema_migrations".* FROM "schema_migrations"[0m
  [1m[35mActiveRecord::SchemaMigration Load (0.2ms)[0m  SELECT "schema_migrations".* FROM "schema_migrations"
  [1m[36m (3.6ms)[0m  [1mCREATE TABLE "schema_migrations" ("version" character varying(255) NOT NULL) [0m
  [1m[35m (11.3ms)[0m  CREATE UNIQUE INDEX  "unique_schema_migrations" ON "schema_migrations"  ("version")
  [1m[36mActiveRecord::SchemaMigration Load (0.4ms)[0m  [1mSELECT "schema_migrations".* FROM "schema_migrations"[0m
Migrating to CreateWidgets (20140707111715)
  [1m[36mActiveRecord::SchemaMigration Load (0.4ms)[0m  [1mSELECT "schema_migrations".* FROM "schema_migrations"[0m
Migrating to CreateWidgets (20140707111715)
  [1m[36m (3.5ms)[0m  [1mCREATE TABLE "schema_migrations" ("version" character varying(255) NOT NULL) [0m
  [1m[35m (14.1ms)[0m  CREATE UNIQUE INDEX  "unique_schema_migrations" ON "schema_migrations"  ("version")
  [1m[36mActiveRecord::SchemaMigration Load (0.4ms)[0m  [1mSELECT "schema_migrations".* FROM "schema_migrations"[0m
Migrating to CreateCards (20140707111715)
  [1m[35m (0.1ms)[0m  BEGIN
  [1m[36m (6.8ms)[0m  [1mCREATE TABLE "business_cards" ("id" serial primary key, "first_name" character varying(255), "last_name" character varying(255), "email_address" character varying(255), "phone_number" character varying(255)) [0m
  [1m[35mSQL (0.5ms)[0m  INSERT INTO "schema_migrations" ("version") VALUES ($1)  [["version", "20140707111715"]]
  [1m[36m (0.6ms)[0m  [1mCOMMIT[0m
  [1m[35mActiveRecord::SchemaMigration Load (0.3ms)[0m  SELECT "schema_migrations".* FROM "schema_migrations"


Started GET "/" for 127.0.0.1 at 2014-11-20 16:19:45 -0600
  [1m[36mActiveRecord::SchemaMigration Load (0.6ms)[0m  [1mSELECT "schema_migrations".* FROM "schema_migrations"[0m
Processing by WelcomeController#index as HTML
  Rendered welcome/index.erb within layouts/application (2.2ms)
Completed 200 OK in 978ms (Views: 964.5ms | ActiveRecord: 0.0ms)


Started GET "/assets/widgets.css?body=1" for 127.0.0.1 at 2014-11-20 16:19:47 -0600


Started GET "/assets/application.css?body=1" for 127.0.0.1 at 2014-11-20 16:19:47 -0600


Started GET "/assets/jquery.js?body=1" for 127.0.0.1 at 2014-11-20 16:19:47 -0600


Started GET "/assets/jquery_ujs.js?body=1" for 127.0.0.1 at 2014-11-20 16:19:47 -0600


Started GET "/assets/turbolinks.js?body=1" for 127.0.0.1 at 2014-11-20 16:19:47 -0600


Started GET "/assets/welcome.js?body=1" for 127.0.0.1 at 2014-11-20 16:19:47 -0600


Started GET "/assets/widgets.js?body=1" for 127.0.0.1 at 2014-11-20 16:19:47 -0600


Started GET "/assets/scaffolds.css?body=1" for 127.0.0.1 at 2014-11-20 16:19:47 -0600


Started GET "/assets/welcome.css?body=1" for 127.0.0.1 at 2014-11-20 16:19:47 -0600


Started GET "/assets/application.js?body=1" for 127.0.0.1 at 2014-11-20 16:19:47 -0600


Started GET "/scripts/cardViewModel.js" for 127.0.0.1 at 2014-11-20 16:19:47 -0600

ActionController::RoutingError (No route matches [GET] "/scripts/cardViewModel.js"):
  actionpack (4.1.4) lib/action_dispatch/middleware/debug_exceptions.rb:21:in `call'
  actionpack (4.1.4) lib/action_dispatch/middleware/show_exceptions.rb:30:in `call'
  railties (4.1.4) lib/rails/rack/logger.rb:38:in `call_app'
  railties (4.1.4) lib/rails/rack/logger.rb:20:in `block in call'
  activesupport (4.1.4) lib/active_support/tagged_logging.rb:68:in `block in tagged'
  activesupport (4.1.4) lib/active_support/tagged_logging.rb:26:in `tagged'
  activesupport (4.1.4) lib/active_support/tagged_logging.rb:68:in `tagged'
  railties (4.1.4) lib/rails/rack/logger.rb:20:in `call'
  actionpack (4.1.4) lib/action_dispatch/middleware/request_id.rb:21:in `call'
  rack (1.5.2) lib/rack/methodoverride.rb:21:in `call'
  rack (1.5.2) lib/rack/runtime.rb:17:in `call'
  activesupport (4.1.4) lib/active_support/cache/strategy/local_cache_middleware.rb:26:in `call'
  rack (1.5.2) lib/rack/lock.rb:17:in `call'
  actionpack (4.1.4) lib/action_dispatch/middleware/static.rb:64:in `call'
  rack (1.5.2) lib/rack/sendfile.rb:112:in `call'
  railties (4.1.4) lib/rails/engine.rb:514:in `call'
  railties (4.1.4) lib/rails/application.rb:144:in `call'
  rack (1.5.2) lib/rack/lint.rb:49:in `_call'
  rack (1.5.2) lib/rack/lint.rb:37:in `call'
  rack (1.5.2) lib/rack/showexceptions.rb:24:in `call'
  rack (1.5.2) lib/rack/commonlogger.rb:33:in `call'
  rack (1.5.2) lib/rack/chunked.rb:43:in `call'
  rack (1.5.2) lib/rack/content_length.rb:14:in `call'
  unicorn (4.8.3) lib/unicorn/http_server.rb:576:in `process_client'
  unicorn (4.8.3) lib/unicorn/http_server.rb:670:in `worker_loop'
  unicorn (4.8.3) lib/unicorn/http_server.rb:525:in `spawn_missing_workers'
  unicorn (4.8.3) lib/unicorn/http_server.rb:140:in `start'
  unicorn (4.8.3) bin/unicorn:126:in `<top (required)>'
  /Users/napoleon2340/.rbenv/versions/2.1.5/bin/unicorn:23:in `load'
  /Users/napoleon2340/.rbenv/versions/2.1.5/bin/unicorn:23:in `<main>'


  [1m[36mActiveRecord::SchemaMigration Load (0.5ms)[0m  [1mSELECT "schema_migrations".* FROM "schema_migrations"[0m
  Rendered /Users/napoleon2340/.rbenv/versions/2.1.5/lib/ruby/gems/2.1.0/gems/actionpack-4.1.4/lib/action_dispatch/middleware/templates/rescues/_trace.html.erb (1.5ms)
  Rendered /Users/napoleon2340/.rbenv/versions/2.1.5/lib/ruby/gems/2.1.0/gems/actionpack-4.1.4/lib/action_dispatch/middleware/templates/routes/_route.html.erb (2.0ms)
  Rendered /Users/napoleon2340/.rbenv/versions/2.1.5/lib/ruby/gems/2.1.0/gems/actionpack-4.1.4/lib/action_dispatch/middleware/templates/routes/_table.html.erb (9.1ms)
  Rendered /Users/napoleon2340/.rbenv/versions/2.1.5/lib/ruby/gems/2.1.0/gems/actionpack-4.1.4/lib/action_dispatch/middleware/templates/rescues/routing_error.html.erb within rescues/layout (82.9ms)
  [1m[36mActiveRecord::SchemaMigration Load (0.6ms)[0m  [1mSELECT "schema_migrations".* FROM "schema_migrations"[0m
  [1m[36mActiveRecord::SchemaMigration Load (0.7ms)[0m  [1mSELECT "schema_migrations".* FROM "schema_migrations"[0m
  [1m[35mActiveRecord::SchemaMigration Load (0.2ms)[0m  SELECT "schema_migrations".* FROM "schema_migrations"


Started GET "/" for 127.0.0.1 at 2014-11-20 18:45:15 -0600
  [1m[36mActiveRecord::SchemaMigration Load (0.8ms)[0m  [1mSELECT "schema_migrations".* FROM "schema_migrations"[0m
Processing by WelcomeController#index as HTML
  Rendered welcome/index.erb within layouts/application (1.7ms)
Completed 200 OK in 133ms (Views: 119.2ms | ActiveRecord: 0.0ms)


Started GET "/assets/scaffolds.css?body=1" for 127.0.0.1 at 2014-11-20 18:45:16 -0600


Started GET "/assets/welcome.css?body=1" for 127.0.0.1 at 2014-11-20 18:45:16 -0600
  [1m[36mActiveRecord::SchemaMigration Load (0.7ms)[0m  [1mSELECT "schema_migrations".* FROM "schema_migrations"[0m
  [1m[36mActiveRecord::SchemaMigration Load (0.5ms)[0m  [1mSELECT "schema_migrations".* FROM "schema_migrations"[0m


Started GET "/assets/widgets.css?body=1" for 127.0.0.1 at 2014-11-20 18:45:16 -0600


Started GET "/assets/application.css?body=1" for 127.0.0.1 at 2014-11-20 18:45:16 -0600


Started GET "/assets/jquery.js?body=1" for 127.0.0.1 at 2014-11-20 18:45:16 -0600


Started GET "/assets/jquery_ujs.js?body=1" for 127.0.0.1 at 2014-11-20 18:45:16 -0600


Started GET "/assets/turbolinks.js?body=1" for 127.0.0.1 at 2014-11-20 18:45:16 -0600




Started GET "/assets/welcome.js?body=1" for 127.0.0.1 at 2014-11-20 18:45:16 -0600
Started GET "/assets/widgets.js?body=1" for 127.0.0.1 at 2014-11-20 18:45:16 -0600




Started GET "/assets/application.js?body=1" for 127.0.0.1 at 2014-11-20 18:45:16 -0600
Started GET "/scripts/cardViewModel.js" for 127.0.0.1 at 2014-11-20 18:45:16 -0600

ActionController::RoutingError (No route matches [GET] "/scripts/cardViewModel.js"):
  actionpack (4.1.4) lib/action_dispatch/middleware/debug_exceptions.rb:21:in `call'
  actionpack (4.1.4) lib/action_dispatch/middleware/show_exceptions.rb:30:in `call'
  railties (4.1.4) lib/rails/rack/logger.rb:38:in `call_app'
  railties (4.1.4) lib/rails/rack/logger.rb:20:in `block in call'
  activesupport (4.1.4) lib/active_support/tagged_logging.rb:68:in `block in tagged'
  activesupport (4.1.4) lib/active_support/tagged_logging.rb:26:in `tagged'
  activesupport (4.1.4) lib/active_support/tagged_logging.rb:68:in `tagged'
  railties (4.1.4) lib/rails/rack/logger.rb:20:in `call'
  actionpack (4.1.4) lib/action_dispatch/middleware/request_id.rb:21:in `call'
  rack (1.5.2) lib/rack/methodoverride.rb:21:in `call'
  rack (1.5.2) lib/rack/runtime.rb:17:in `call'
  activesupport (4.1.4) lib/active_support/cache/strategy/local_cache_middleware.rb:26:in `call'
  rack (1.5.2) lib/rack/lock.rb:17:in `call'
  actionpack (4.1.4) lib/action_dispatch/middleware/static.rb:64:in `call'
  rack (1.5.2) lib/rack/sendfile.rb:112:in `call'
  railties (4.1.4) lib/rails/engine.rb:514:in `call'
  railties (4.1.4) lib/rails/application.rb:144:in `call'
  rack (1.5.2) lib/rack/lint.rb:49:in `_call'
  rack (1.5.2) lib/rack/lint.rb:37:in `call'
  rack (1.5.2) lib/rack/showexceptions.rb:24:in `call'
  rack (1.5.2) lib/rack/commonlogger.rb:33:in `call'
  rack (1.5.2) lib/rack/chunked.rb:43:in `call'
  rack (1.5.2) lib/rack/content_length.rb:14:in `call'
  unicorn (4.8.3) lib/unicorn/http_server.rb:576:in `process_client'
  unicorn (4.8.3) lib/unicorn/http_server.rb:670:in `worker_loop'
  unicorn (4.8.3) lib/unicorn/http_server.rb:525:in `spawn_missing_workers'
  unicorn (4.8.3) lib/unicorn/http_server.rb:140:in `start'
  unicorn (4.8.3) bin/unicorn:126:in `<top (required)>'
  /Users/napoleon2340/.rbenv/versions/2.1.5/bin/unicorn:23:in `load'
  /Users/napoleon2340/.rbenv/versions/2.1.5/bin/unicorn:23:in `<main>'


  Rendered /Users/napoleon2340/.rbenv/versions/2.1.5/lib/ruby/gems/2.1.0/gems/actionpack-4.1.4/lib/action_dispatch/middleware/templates/rescues/_trace.html.erb (1.5ms)
  Rendered /Users/napoleon2340/.rbenv/versions/2.1.5/lib/ruby/gems/2.1.0/gems/actionpack-4.1.4/lib/action_dispatch/middleware/templates/routes/_route.html.erb (1.7ms)
  Rendered /Users/napoleon2340/.rbenv/versions/2.1.5/lib/ruby/gems/2.1.0/gems/actionpack-4.1.4/lib/action_dispatch/middleware/templates/routes/_table.html.erb (12.3ms)
  Rendered /Users/napoleon2340/.rbenv/versions/2.1.5/lib/ruby/gems/2.1.0/gems/actionpack-4.1.4/lib/action_dispatch/middleware/templates/rescues/routing_error.html.erb within rescues/layout (61.6ms)
  [1m[36mActiveRecord::SchemaMigration Load (0.5ms)[0m  [1mSELECT "schema_migrations".* FROM "schema_migrations"[0m
  [1m[35mActiveRecord::SchemaMigration Load (0.2ms)[0m  SELECT "schema_migrations".* FROM "schema_migrations"
  [1m[36mActiveRecord::SchemaMigration Load (0.6ms)[0m  [1mSELECT "schema_migrations".* FROM "schema_migrations"[0m
  [1m[35mActiveRecord::SchemaMigration Load (0.3ms)[0m  SELECT "schema_migrations".* FROM "schema_migrations"
  [1m[36mSQL (27.8ms)[0m  [1mCREATE EXTENSION IF NOT EXISTS "plpgsql"[0m
  [1m[35m (60.1ms)[0m  DROP TABLE "business_cards"
  [1m[36m (17.4ms)[0m  [1mCREATE TABLE "business_cards" ("id" serial primary key, "first_name" character varying(255), "last_name" character varying(255), "email_address" character varying(255), "phone_number" character varying(255)) [0m
  [1m[35m (0.4ms)[0m  SELECT version FROM "schema_migrations"
  [1m[36mActiveRecord::SchemaMigration Load (0.2ms)[0m  [1mSELECT "schema_migrations".* FROM "schema_migrations"[0m
  [1m[36mActiveRecord::SchemaMigration Load (0.6ms)[0m  [1mSELECT "schema_migrations".* FROM "schema_migrations"[0m
  [1m[35mActiveRecord::SchemaMigration Load (0.2ms)[0m  SELECT "schema_migrations".* FROM "schema_migrations"
  [1m[36mActiveRecord::SchemaMigration Load (0.5ms)[0m  [1mSELECT "schema_migrations".* FROM "schema_migrations"[0m
  [1m[35mActiveRecord::SchemaMigration Load (0.2ms)[0m  SELECT "schema_migrations".* FROM "schema_migrations"


Started GET "/" for 127.0.0.1 at 2014-11-20 19:35:04 -0600
  [1m[36mActiveRecord::SchemaMigration Load (0.6ms)[0m  [1mSELECT "schema_migrations".* FROM "schema_migrations"[0m
Processing by WelcomeController#index as HTML
  Rendered welcome/index.erb within layouts/application (1.9ms)
Completed 200 OK in 191ms (Views: 177.4ms | ActiveRecord: 0.0ms)


Started GET "/assets/welcome.css?body=1" for 127.0.0.1 at 2014-11-20 19:35:05 -0600


Started GET "/assets/scaffolds.css?body=1" for 127.0.0.1 at 2014-11-20 19:35:05 -0600


Started GET "/assets/widgets.css?body=1" for 127.0.0.1 at 2014-11-20 19:35:05 -0600


Started GET "/assets/application.css?body=1" for 127.0.0.1 at 2014-11-20 19:35:05 -0600


Started GET "/assets/jquery.js?body=1" for 127.0.0.1 at 2014-11-20 19:35:05 -0600


Started GET "/assets/jquery_ujs.js?body=1" for 127.0.0.1 at 2014-11-20 19:35:05 -0600


Started GET "/assets/turbolinks.js?body=1" for 127.0.0.1 at 2014-11-20 19:35:05 -0600


Started GET "/assets/cardViewModel.js?body=1" for 127.0.0.1 at 2014-11-20 19:35:05 -0600


Started GET "/assets/knockout-3.2.0.js?body=1" for 127.0.0.1 at 2014-11-20 19:35:05 -0600


Started GET "/assets/welcome.js?body=1" for 127.0.0.1 at 2014-11-20 19:35:05 -0600


Started GET "/assets/widgets.js?body=1" for 127.0.0.1 at 2014-11-20 19:35:05 -0600


Started GET "/assets/knockout.js?body=1" for 127.0.0.1 at 2014-11-20 19:35:05 -0600


Started GET "/assets/application.js?body=1" for 127.0.0.1 at 2014-11-20 19:35:05 -0600
  [1m[36mActiveRecord::SchemaMigration Load (0.7ms)[0m  [1mSELECT "schema_migrations".* FROM "schema_migrations"[0m
  [1m[36mActiveRecord::SchemaMigration Load (0.8ms)[0m  [1mSELECT "schema_migrations".* FROM "schema_migrations"[0m


Started GET "/scripts/cardViewModel.js" for 127.0.0.1 at 2014-11-20 19:35:05 -0600

ActionController::RoutingError (No route matches [GET] "/scripts/cardViewModel.js"):
  actionpack (4.1.4) lib/action_dispatch/middleware/debug_exceptions.rb:21:in `call'
  actionpack (4.1.4) lib/action_dispatch/middleware/show_exceptions.rb:30:in `call'
  railties (4.1.4) lib/rails/rack/logger.rb:38:in `call_app'
  railties (4.1.4) lib/rails/rack/logger.rb:20:in `block in call'
  activesupport (4.1.4) lib/active_support/tagged_logging.rb:68:in `block in tagged'
  activesupport (4.1.4) lib/active_support/tagged_logging.rb:26:in `tagged'
  activesupport (4.1.4) lib/active_support/tagged_logging.rb:68:in `tagged'
  railties (4.1.4) lib/rails/rack/logger.rb:20:in `call'
  actionpack (4.1.4) lib/action_dispatch/middleware/request_id.rb:21:in `call'
  rack (1.5.2) lib/rack/methodoverride.rb:21:in `call'
  rack (1.5.2) lib/rack/runtime.rb:17:in `call'
  activesupport (4.1.4) lib/active_support/cache/strategy/local_cache_middleware.rb:26:in `call'
  rack (1.5.2) lib/rack/lock.rb:17:in `call'
  actionpack (4.1.4) lib/action_dispatch/middleware/static.rb:64:in `call'
  rack (1.5.2) lib/rack/sendfile.rb:112:in `call'
  railties (4.1.4) lib/rails/engine.rb:514:in `call'
  railties (4.1.4) lib/rails/application.rb:144:in `call'
  rack (1.5.2) lib/rack/lint.rb:49:in `_call'
  rack (1.5.2) lib/rack/lint.rb:37:in `call'
  rack (1.5.2) lib/rack/showexceptions.rb:24:in `call'
  rack (1.5.2) lib/rack/commonlogger.rb:33:in `call'
  rack (1.5.2) lib/rack/chunked.rb:43:in `call'
  rack (1.5.2) lib/rack/content_length.rb:14:in `call'
  unicorn (4.8.3) lib/unicorn/http_server.rb:576:in `process_client'
  unicorn (4.8.3) lib/unicorn/http_server.rb:670:in `worker_loop'
  unicorn (4.8.3) lib/unicorn/http_server.rb:525:in `spawn_missing_workers'
  unicorn (4.8.3) lib/unicorn/http_server.rb:140:in `start'
  unicorn (4.8.3) bin/unicorn:126:in `<top (required)>'
  /Users/napoleon2340/.rbenv/versions/2.1.5/bin/unicorn:23:in `load'
  /Users/napoleon2340/.rbenv/versions/2.1.5/bin/unicorn:23:in `<main>'


  Rendered /Users/napoleon2340/.rbenv/versions/2.1.5/lib/ruby/gems/2.1.0/gems/actionpack-4.1.4/lib/action_dispatch/middleware/templates/rescues/_trace.html.erb (1.8ms)
  Rendered /Users/napoleon2340/.rbenv/versions/2.1.5/lib/ruby/gems/2.1.0/gems/actionpack-4.1.4/lib/action_dispatch/middleware/templates/routes/_route.html.erb (1.8ms)
  Rendered /Users/napoleon2340/.rbenv/versions/2.1.5/lib/ruby/gems/2.1.0/gems/actionpack-4.1.4/lib/action_dispatch/middleware/templates/routes/_table.html.erb (37.4ms)
  Rendered /Users/napoleon2340/.rbenv/versions/2.1.5/lib/ruby/gems/2.1.0/gems/actionpack-4.1.4/lib/action_dispatch/middleware/templates/rescues/routing_error.html.erb within rescues/layout (88.0ms)


Started GET "/" for 127.0.0.1 at 2014-11-20 19:35:26 -0600
  [1m[36mActiveRecord::SchemaMigration Load (0.7ms)[0m  [1mSELECT "schema_migrations".* FROM "schema_migrations"[0m
Processing by WelcomeController#index as HTML
  Rendered welcome/index.erb within layouts/application (1.9ms)
Completed 200 OK in 96ms (Views: 82.6ms | ActiveRecord: 0.0ms)


Started GET "/assets/widgets.css?body=1" for 127.0.0.1 at 2014-11-20 19:35:26 -0600


Started GET "/assets/application.css?body=1" for 127.0.0.1 at 2014-11-20 19:35:26 -0600


Started GET "/assets/jquery.js?body=1" for 127.0.0.1 at 2014-11-20 19:35:26 -0600


Started GET "/assets/jquery_ujs.js?body=1" for 127.0.0.1 at 2014-11-20 19:35:26 -0600


Started GET "/assets/turbolinks.js?body=1" for 127.0.0.1 at 2014-11-20 19:35:26 -0600


Started GET "/assets/cardViewModel.js?body=1" for 127.0.0.1 at 2014-11-20 19:35:26 -0600


Started GET "/assets/knockout-3.2.0.js?body=1" for 127.0.0.1 at 2014-11-20 19:35:26 -0600


Started GET "/assets/scaffolds.css?body=1" for 127.0.0.1 at 2014-11-20 19:35:26 -0600


Started GET "/assets/welcome.js?body=1" for 127.0.0.1 at 2014-11-20 19:35:26 -0600


Started GET "/assets/widgets.js?body=1" for 127.0.0.1 at 2014-11-20 19:35:26 -0600


Started GET "/assets/welcome.css?body=1" for 127.0.0.1 at 2014-11-20 19:35:26 -0600


Started GET "/assets/knockout.js?body=1" for 127.0.0.1 at 2014-11-20 19:35:26 -0600


Started GET "/assets/application.js?body=1" for 127.0.0.1 at 2014-11-20 19:35:27 -0600


Started GET "/scripts/cardViewModel.js" for 127.0.0.1 at 2014-11-20 19:35:27 -0600

ActionController::RoutingError (No route matches [GET] "/scripts/cardViewModel.js"):
  actionpack (4.1.4) lib/action_dispatch/middleware/debug_exceptions.rb:21:in `call'
  actionpack (4.1.4) lib/action_dispatch/middleware/show_exceptions.rb:30:in `call'
  railties (4.1.4) lib/rails/rack/logger.rb:38:in `call_app'
  railties (4.1.4) lib/rails/rack/logger.rb:20:in `block in call'
  activesupport (4.1.4) lib/active_support/tagged_logging.rb:68:in `block in tagged'
  activesupport (4.1.4) lib/active_support/tagged_logging.rb:26:in `tagged'
  activesupport (4.1.4) lib/active_support/tagged_logging.rb:68:in `tagged'
  railties (4.1.4) lib/rails/rack/logger.rb:20:in `call'
  actionpack (4.1.4) lib/action_dispatch/middleware/request_id.rb:21:in `call'
  rack (1.5.2) lib/rack/methodoverride.rb:21:in `call'
  rack (1.5.2) lib/rack/runtime.rb:17:in `call'
  activesupport (4.1.4) lib/active_support/cache/strategy/local_cache_middleware.rb:26:in `call'
  rack (1.5.2) lib/rack/lock.rb:17:in `call'
  actionpack (4.1.4) lib/action_dispatch/middleware/static.rb:64:in `call'
  rack (1.5.2) lib/rack/sendfile.rb:112:in `call'
  railties (4.1.4) lib/rails/engine.rb:514:in `call'
  railties (4.1.4) lib/rails/application.rb:144:in `call'
  rack (1.5.2) lib/rack/lint.rb:49:in `_call'
  rack (1.5.2) lib/rack/lint.rb:37:in `call'
  rack (1.5.2) lib/rack/showexceptions.rb:24:in `call'
  rack (1.5.2) lib/rack/commonlogger.rb:33:in `call'
  rack (1.5.2) lib/rack/chunked.rb:43:in `call'
  rack (1.5.2) lib/rack/content_length.rb:14:in `call'
  unicorn (4.8.3) lib/unicorn/http_server.rb:576:in `process_client'
  unicorn (4.8.3) lib/unicorn/http_server.rb:670:in `worker_loop'
  unicorn (4.8.3) lib/unicorn/http_server.rb:525:in `spawn_missing_workers'
  unicorn (4.8.3) lib/unicorn/http_server.rb:140:in `start'
  unicorn (4.8.3) bin/unicorn:126:in `<top (required)>'
  /Users/napoleon2340/.rbenv/versions/2.1.5/bin/unicorn:23:in `load'
  /Users/napoleon2340/.rbenv/versions/2.1.5/bin/unicorn:23:in `<main>'


  Rendered /Users/napoleon2340/.rbenv/versions/2.1.5/lib/ruby/gems/2.1.0/gems/actionpack-4.1.4/lib/action_dispatch/middleware/templates/rescues/_trace.html.erb (1.7ms)
  Rendered /Users/napoleon2340/.rbenv/versions/2.1.5/lib/ruby/gems/2.1.0/gems/actionpack-4.1.4/lib/action_dispatch/middleware/templates/routes/_route.html.erb (1.9ms)
  [1m[36mActiveRecord::SchemaMigration Load (0.7ms)[0m  [1mSELECT "schema_migrations".* FROM "schema_migrations"[0m
  Rendered /Users/napoleon2340/.rbenv/versions/2.1.5/lib/ruby/gems/2.1.0/gems/actionpack-4.1.4/lib/action_dispatch/middleware/templates/routes/_table.html.erb (11.3ms)
  Rendered /Users/napoleon2340/.rbenv/versions/2.1.5/lib/ruby/gems/2.1.0/gems/actionpack-4.1.4/lib/action_dispatch/middleware/templates/rescues/routing_error.html.erb within rescues/layout (62.2ms)
  [1m[36mActiveRecord::SchemaMigration Load (0.8ms)[0m  [1mSELECT "schema_migrations".* FROM "schema_migrations"[0m
